[2020-07-05 16:16:15] app.INFO: Protect vendor folder in module contactform [] []
[2020-07-05 16:16:15] app.INFO: Module contactform has no vendor folder [] []
[2020-07-05 16:16:16] app.INFO: Protect vendor folder in module dashactivity [] []
[2020-07-05 16:16:16] app.INFO: Module dashactivity has no vendor folder [] []
[2020-07-05 16:16:17] app.INFO: Protect vendor folder in module dashtrends [] []
[2020-07-05 16:16:17] app.INFO: Module dashtrends has no vendor folder [] []
[2020-07-05 16:16:18] app.INFO: Protect vendor folder in module dashgoals [] []
[2020-07-05 16:16:19] app.INFO: Module dashgoals has no vendor folder [] []
[2020-07-05 16:16:20] app.INFO: Protect vendor folder in module dashproducts [] []
[2020-07-05 16:16:20] app.INFO: Module dashproducts has no vendor folder [] []
[2020-07-05 16:16:20] app.INFO: Protect vendor folder in module graphnvd3 [] []
[2020-07-05 16:16:20] app.INFO: Module graphnvd3 has no vendor folder [] []
[2020-07-05 16:16:21] app.INFO: Protect vendor folder in module gridhtml [] []
[2020-07-05 16:16:21] app.INFO: Module gridhtml has no vendor folder [] []
[2020-07-05 16:16:21] app.INFO: Protect vendor folder in module gsitemap [] []
[2020-07-05 16:16:21] app.INFO: Module gsitemap has no vendor folder [] []
[2020-07-05 16:16:22] app.INFO: Protect vendor folder in module ps_banner [] []
[2020-07-05 16:16:22] app.INFO: Module ps_banner has no vendor folder [] []
[2020-07-05 16:16:22] app.INFO: Protect vendor folder in module ps_categorytree [] []
[2020-07-05 16:16:22] app.INFO: Module ps_categorytree has no vendor folder [] []
[2020-07-05 16:16:22] app.INFO: Protect vendor folder in module ps_checkpayment [] []
[2020-07-05 16:16:22] app.INFO: Module ps_checkpayment has no vendor folder [] []
[2020-07-05 16:16:23] app.INFO: Protect vendor folder in module ps_contactinfo [] []
[2020-07-05 16:16:23] app.INFO: Module ps_contactinfo has no vendor folder [] []
[2020-07-05 16:16:24] app.INFO: Protect vendor folder in module ps_currencyselector [] []
[2020-07-05 16:16:24] app.INFO: Module ps_currencyselector has no vendor folder [] []
[2020-07-05 16:16:24] app.INFO: Protect vendor folder in module ps_customeraccountlinks [] []
[2020-07-05 16:16:24] app.INFO: Module ps_customeraccountlinks has no vendor folder [] []
[2020-07-05 16:16:25] app.INFO: Protect vendor folder in module ps_customersignin [] []
[2020-07-05 16:16:25] app.INFO: Module ps_customersignin has no vendor folder [] []
[2020-07-05 16:16:26] app.INFO: Protect vendor folder in module ps_customtext [] []
[2020-07-05 16:16:26] app.INFO: Module ps_customtext has no vendor folder [] []
[2020-07-05 16:16:28] app.INFO: Protect vendor folder in module ps_emailsubscription [] []
[2020-07-05 16:16:28] app.INFO: Module ps_emailsubscription has no vendor folder [] []
[2020-07-05 16:16:32] app.INFO: Protect vendor folder in module ps_facetedsearch [] []
[2020-07-05 16:16:32] app.INFO: Module ps_facetedsearch has no vendor folder [] []
[2020-07-05 16:16:34] app.INFO: Protect vendor folder in module ps_faviconnotificationbo [] []
[2020-07-05 16:16:35] app.INFO: Module ps_faviconnotificationbo has no vendor folder [] []
[2020-07-05 16:16:36] app.INFO: Protect vendor folder in module ps_featuredproducts [] []
[2020-07-05 16:16:36] app.INFO: Module ps_featuredproducts has no vendor folder [] []
[2020-07-05 16:16:39] app.INFO: Protect vendor folder in module ps_imageslider [] []
[2020-07-05 16:16:39] app.INFO: Module ps_imageslider has no vendor folder [] []
[2020-07-05 16:16:39] app.INFO: Protect vendor folder in module ps_languageselector [] []
[2020-07-05 16:16:40] app.INFO: Module ps_languageselector has no vendor folder [] []
[2020-07-05 16:16:42] app.INFO: Protect vendor folder in module ps_linklist [] []
[2020-07-05 16:16:43] app.INFO: Module ps_linklist has no vendor folder [] []
[2020-07-05 16:16:43] app.ERROR: Class "AdminLinkWidgetController" not found in controllers/admin [] []
[2020-07-05 16:16:47] app.INFO: Protect vendor folder in module ps_mainmenu [] []
[2020-07-05 16:16:47] app.INFO: Module ps_mainmenu has no vendor folder [] []
[2020-07-05 16:16:49] app.INFO: Protect vendor folder in module ps_searchbar [] []
[2020-07-05 16:16:49] app.INFO: Module ps_searchbar has no vendor folder [] []
[2020-07-05 16:16:52] app.INFO: Protect vendor folder in module ps_sharebuttons [] []
[2020-07-05 16:16:52] app.INFO: Module ps_sharebuttons has no vendor folder [] []
[2020-07-05 16:16:54] app.INFO: Protect vendor folder in module ps_shoppingcart [] []
[2020-07-05 16:16:54] app.INFO: Module ps_shoppingcart has no vendor folder [] []
[2020-07-05 16:16:55] app.INFO: Protect vendor folder in module ps_socialfollow [] []
[2020-07-05 16:16:55] app.INFO: Module ps_socialfollow has no vendor folder [] []
[2020-07-05 16:16:59] app.INFO: Protect vendor folder in module ps_themecusto [] []
[2020-07-05 16:16:59] app.INFO: Module ps_themecusto has no vendor folder [] []
[2020-07-05 16:17:01] app.INFO: Protect vendor folder in module ps_wirepayment [] []
[2020-07-05 16:17:01] app.INFO: Module ps_wirepayment has no vendor folder [] []
[2020-07-05 16:17:03] app.INFO: Protect vendor folder in module pagesnotfound [] []
[2020-07-05 16:17:03] app.INFO: Module pagesnotfound has no vendor folder [] []
[2020-07-05 16:17:04] app.INFO: Protect vendor folder in module sekeywords [] []
[2020-07-05 16:17:04] app.INFO: Module sekeywords has no vendor folder [] []
[2020-07-05 16:17:05] app.INFO: Protect vendor folder in module statsbestcategories [] []
[2020-07-05 16:17:05] app.INFO: Module statsbestcategories has no vendor folder [] []
[2020-07-05 16:17:06] app.INFO: Protect vendor folder in module statsbestcustomers [] []
[2020-07-05 16:17:06] app.INFO: Module statsbestcustomers has no vendor folder [] []
[2020-07-05 16:17:07] app.INFO: Protect vendor folder in module statsbestproducts [] []
[2020-07-05 16:17:07] app.INFO: Module statsbestproducts has no vendor folder [] []
[2020-07-05 16:17:08] app.INFO: Protect vendor folder in module statsbestsuppliers [] []
[2020-07-05 16:17:08] app.INFO: Module statsbestsuppliers has no vendor folder [] []
[2020-07-05 16:17:10] app.INFO: Protect vendor folder in module statsbestvouchers [] []
[2020-07-05 16:17:10] app.INFO: Module statsbestvouchers has no vendor folder [] []
[2020-07-05 16:17:11] app.INFO: Protect vendor folder in module statscarrier [] []
[2020-07-05 16:17:11] app.INFO: Module statscarrier has no vendor folder [] []
[2020-07-05 16:17:12] app.INFO: Protect vendor folder in module statscatalog [] []
[2020-07-05 16:17:12] app.INFO: Module statscatalog has no vendor folder [] []
[2020-07-05 16:17:13] app.INFO: Protect vendor folder in module statscheckup [] []
[2020-07-05 16:17:13] app.INFO: Module statscheckup has no vendor folder [] []
[2020-07-05 16:17:14] app.INFO: Protect vendor folder in module statsdata [] []
[2020-07-05 16:17:14] app.INFO: Module statsdata has no vendor folder [] []
[2020-07-05 16:17:15] app.INFO: Protect vendor folder in module statsequipment [] []
[2020-07-05 16:17:15] app.INFO: Module statsequipment has no vendor folder [] []
[2020-07-05 16:17:15] app.INFO: Protect vendor folder in module statsforecast [] []
[2020-07-05 16:17:15] app.INFO: Module statsforecast has no vendor folder [] []
[2020-07-05 16:17:16] app.INFO: Protect vendor folder in module statslive [] []
[2020-07-05 16:17:16] app.INFO: Module statslive has no vendor folder [] []
[2020-07-05 16:17:17] app.INFO: Protect vendor folder in module statsnewsletter [] []
[2020-07-05 16:17:17] app.INFO: Module statsnewsletter has no vendor folder [] []
[2020-07-05 16:17:18] app.INFO: Protect vendor folder in module statsorigin [] []
[2020-07-05 16:17:18] app.INFO: Module statsorigin has no vendor folder [] []
[2020-07-05 16:17:18] app.INFO: Protect vendor folder in module statspersonalinfos [] []
[2020-07-05 16:17:19] app.INFO: Module statspersonalinfos has no vendor folder [] []
[2020-07-05 16:17:20] app.INFO: Protect vendor folder in module statsproduct [] []
[2020-07-05 16:17:20] app.INFO: Module statsproduct has no vendor folder [] []
[2020-07-05 16:17:21] app.INFO: Protect vendor folder in module statsregistrations [] []
[2020-07-05 16:17:21] app.INFO: Module statsregistrations has no vendor folder [] []
[2020-07-05 16:17:21] app.INFO: Protect vendor folder in module statssales [] []
[2020-07-05 16:17:21] app.INFO: Module statssales has no vendor folder [] []
[2020-07-05 16:17:23] app.INFO: Protect vendor folder in module statssearch [] []
[2020-07-05 16:17:23] app.INFO: Module statssearch has no vendor folder [] []
[2020-07-05 16:17:24] app.INFO: Protect vendor folder in module statsstock [] []
[2020-07-05 16:17:24] app.INFO: Module statsstock has no vendor folder [] []
[2020-07-05 16:17:25] app.INFO: Protect vendor folder in module statsvisits [] []
[2020-07-05 16:17:25] app.INFO: Module statsvisits has no vendor folder [] []
[2020-07-05 16:17:27] app.INFO: Protect vendor folder in module welcome [] []
[2020-07-05 16:17:33] app.INFO: Exporting mail with theme modern for language Русский (Russian) [] []
[2020-07-05 16:17:33] app.INFO: Core output folder: /opt/lampp/htdocs/ttprestashop/mails [] []
[2020-07-05 16:17:33] app.INFO: Modules output folder: /opt/lampp/htdocs/ttprestashop/modules/ [] []
[2020-07-05 16:47:22] request.INFO: Matched route "admin_module_manage". {"route":"admin_module_manage","route_parameters":{"category":null,"keyword":null,"_controller":"PrestaShopBundle\\Controller\\Admin\\Improve\\ModuleController::manageAction","_legacy_controller":"AdminModulesManage","_legacy_link":["AdminModulesManage","AdminModulesSf"],"_route":"admin_module_manage"},"request_uri":"http://localhost/ttprestashop/admin5456qeen5/index.php/improve/modules/manage?_token=3f9VI0_cHYRQFyoGWueHMy4SZVxhhIpYzg0NS_jOEAY","method":"GET"} []
[2020-07-05 16:47:23] security.DEBUG: Read existing security token from the session. {"key":"_security_main","token_class":"Symfony\\Component\\Security\\Core\\Authentication\\Token\\UsernamePasswordToken"} []
[2020-07-05 16:47:23] security.DEBUG: User was reloaded from a user provider. {"provider":"PrestaShopBundle\\Security\\Admin\\EmployeeProvider","username":"quito@mail.ru"} []
[2020-07-05 16:47:28] app.ERROR: Data from PrestaShop Addons is invalid, and cannot fallback on cache.  {"exception":"cURL error 28: Operation timed out after 5000 milliseconds with 0 bytes received"} []
[2020-07-05 16:47:29] security.DEBUG: Stored the security token in the session. {"key":"_security_main"} []
[2020-07-05 17:28:54] request.CRITICAL: Uncaught PHP Exception Symfony\Component\Debug\Exception\FatalThrowableError: "Parse error: syntax error, unexpected '=', expecting ')'" at /opt/lampp/htdocs/ttprestashop/modules/TTmodule/TTmodule.php line 173 {"exception":"[object] (Symfony\\Component\\Debug\\Exception\\FatalThrowableError(code: 0): Parse error: syntax error, unexpected '=', expecting ')' at /opt/lampp/htdocs/ttprestashop/modules/TTmodule/TTmodule.php:173)"} []
[2020-07-05 17:29:03] request.CRITICAL: Uncaught PHP Exception Symfony\Component\Debug\Exception\FatalThrowableError: "Parse error: syntax error, unexpected '=', expecting ')'" at /opt/lampp/htdocs/ttprestashop/modules/TTmodule/TTmodule.php line 173 {"exception":"[object] (Symfony\\Component\\Debug\\Exception\\FatalThrowableError(code: 0): Parse error: syntax error, unexpected '=', expecting ')' at /opt/lampp/htdocs/ttprestashop/modules/TTmodule/TTmodule.php:173)"} []
[2020-07-05 17:29:42] request.CRITICAL: Uncaught PHP Exception Symfony\Component\Debug\Exception\FatalThrowableError: "Parse error: syntax error, unexpected '=', expecting ')'" at /opt/lampp/htdocs/ttprestashop/modules/TTmodule/TTmodule.php line 173 {"exception":"[object] (Symfony\\Component\\Debug\\Exception\\FatalThrowableError(code: 0): Parse error: syntax error, unexpected '=', expecting ')' at /opt/lampp/htdocs/ttprestashop/modules/TTmodule/TTmodule.php:173)"} []
[2020-07-05 17:29:48] request.CRITICAL: Uncaught PHP Exception Symfony\Component\Debug\Exception\FatalThrowableError: "Parse error: syntax error, unexpected '=', expecting ')'" at /opt/lampp/htdocs/ttprestashop/modules/TTmodule/TTmodule.php line 173 {"exception":"[object] (Symfony\\Component\\Debug\\Exception\\FatalThrowableError(code: 0): Parse error: syntax error, unexpected '=', expecting ')' at /opt/lampp/htdocs/ttprestashop/modules/TTmodule/TTmodule.php:173)"} []
[2020-07-05 17:29:53] request.CRITICAL: Uncaught PHP Exception Symfony\Component\Debug\Exception\FatalThrowableError: "Parse error: syntax error, unexpected '=', expecting ')'" at /opt/lampp/htdocs/ttprestashop/modules/TTmodule/TTmodule.php line 173 {"exception":"[object] (Symfony\\Component\\Debug\\Exception\\FatalThrowableError(code: 0): Parse error: syntax error, unexpected '=', expecting ')' at /opt/lampp/htdocs/ttprestashop/modules/TTmodule/TTmodule.php:173)"} []
